<?xml version="1.0" encoding="UTF-8"?>
<testsuite xmlns:xsi="http://www.w3.org/2001/XMLSchema-instance" xsi:noNamespaceSchemaLocation="https://maven.apache.org/surefire/maven-surefire-plugin/xsd/surefire-test-report-3.0.xsd" version="3.0" name="calculator.StackTest" time="0.008" tests="8" errors="0" skipped="0" failures="0">
  <properties>
[...]
</properties>
  <testcase name="emptyStackTopTest" classname="calculator.StackTest" time="0.002"/>
  <testcase name="topTest" classname="calculator.StackTest" time="0.001"/>
  <testcase name="emptyStackPopTest" classname="calculator.StackTest" time="0.001"/>
  <testcase name="popValueTest" classname="calculator.StackTest" time="0.001"/>
  <testcase name="popSizeTest" classname="calculator.StackTest" time="0.001"/>
  <testcase name="sizeTest" classname="calculator.StackTest" time="0"/>
  <testcase name="pushTest" classname="calculator.StackTest" time="0"/>
  <testcase name="topSizeTest" classname="calculator.StackTest" time="0.001"/>
</testsuite>